#-----------------------------------------------------------
# Vivado v2024.1 (64-bit)
# SW Build 5076996 on Wed May 22 18:37:14 MDT 2024
# IP Build 5075265 on Wed May 22 21:45:21 MDT 2024
# SharedData Build 5076995 on Wed May 22 18:29:18 MDT 2024
# Start of session at: Thu Sep 25 23:59:19 2025
# Process ID: 14356
# Current directory: E:/Digital_Logic/Labs/Lab3/ALU/ALU
# Command line: vivado.exe -gui_launcher_event rodinguilauncherevent3840 E:\Digital_Logic\Labs\Lab3\ALU\ALU\ALU.xpr
# Log file: E:/Digital_Logic/Labs/Lab3/ALU/ALU/vivado.log
# Journal file: E:/Digital_Logic/Labs/Lab3/ALU/ALU\vivado.jou
# Running On        :LAPTOP-1P7N3FS9
# Platform          :Windows Server 2016 or Windows 10
# Operating System  :26100
# Processor Detail  :Intel(R) Core(TM) i9-14900HX
# CPU Frequency     :2419 MHz
# CPU Physical cores:24
# CPU Logical cores :32
# Host memory       :34141 MB
# Swap memory       :2147 MB
# Total Virtual     :36288 MB
# Available Virtual :21490 MB
#-----------------------------------------------------------
start_gui
WARNING: [Board 49-26] cannot add Board Part xilinx.com:kc705:part0:1.6 available at D:/Xilinx/Vivado/2024.1/data/xhub/boards/XilinxBoardStore/boards/Xilinx/kc705/1.6/board.xml as part xc7k325tffg900-2 specified in board_part file is either invalid or not available
WARNING: [Board 49-26] cannot add Board Part xilinx.com:kcu105:part0:1.6 available at D:/Xilinx/Vivado/2024.1/data/xhub/boards/XilinxBoardStore/boards/Xilinx/kcu105/1.6/board.xml as part xcku040-ffva1156-2-e specified in board_part file is either invalid or not available
WARNING: [Board 49-26] cannot add Board Part xilinx.com:kcu105:part0:1.7 available at D:/Xilinx/Vivado/2024.1/data/xhub/boards/XilinxBoardStore/boards/Xilinx/kcu105/1.7/board.xml as part xcku040-ffva1156-2-e specified in board_part file is either invalid or not available
WARNING: [Board 49-26] cannot add Board Part xilinx.com:kcu116:part0:1.4 available at D:/Xilinx/Vivado/2024.1/data/xhub/boards/XilinxBoardStore/boards/Xilinx/kcu116/1.4/board.xml as part xcku5p-ffvb676-2-e specified in board_part file is either invalid or not available
WARNING: [Board 49-26] cannot add Board Part xilinx.com:kcu116:part0:1.5 available at D:/Xilinx/Vivado/2024.1/data/xhub/boards/XilinxBoardStore/boards/Xilinx/kcu116/1.5/board.xml as part xcku5p-ffvb676-2-e specified in board_part file is either invalid or not available
WARNING: [Board 49-26] cannot add Board Part xilinx.com:kcu1500:part0:1.2 available at D:/Xilinx/Vivado/2024.1/data/xhub/boards/XilinxBoardStore/boards/Xilinx/kcu1500/1.2/board.xml as part xcku115-flvb2104-2-e specified in board_part file is either invalid or not available
WARNING: [Board 49-26] cannot add Board Part xilinx.com:vc707:part0:1.4 available at D:/Xilinx/Vivado/2024.1/data/xhub/boards/XilinxBoardStore/boards/Xilinx/vc707/1.4/board.xml as part xc7vx485tffg1761-2 specified in board_part file is either invalid or not available
WARNING: [Board 49-26] cannot add Board Part xilinx.com:vc709:part0:1.8 available at D:/Xilinx/Vivado/2024.1/data/xhub/boards/XilinxBoardStore/boards/Xilinx/vc709/1.8/board.xml as part xc7vx690tffg1761-2 specified in board_part file is either invalid or not available
WARNING: [Board 49-26] cannot add Board Part xilinx.com:vck190:part0:2.2 available at D:/Xilinx/Vivado/2024.1/data/xhub/boards/XilinxBoardStore/boards/Xilinx/vck190/production/2.2/board.xml as part xcvc1902-vsva2197-2mp-e-s specified in board_part file is either invalid or not available
WARNING: [Board 49-26] cannot add Board Part xilinx.com:vck190:part0:3.0 available at D:/Xilinx/Vivado/2024.1/data/xhub/boards/XilinxBoardStore/boards/Xilinx/vck190/production/3.0/board.xml as part xcvc1902-vsva2197-2mp-e-s specified in board_part file is either invalid or not available
WARNING: [Board 49-26] cannot add Board Part xilinx.com:vck190:part0:3.1 available at D:/Xilinx/Vivado/2024.1/data/xhub/boards/XilinxBoardStore/boards/Xilinx/vck190/production/3.1/board.xml as part xcvc1902-vsva2197-2mp-e-s specified in board_part file is either invalid or not available
WARNING: [Board 49-26] cannot add Board Part xilinx.com:vck190:part0:3.2 available at D:/Xilinx/Vivado/2024.1/data/xhub/boards/XilinxBoardStore/boards/Xilinx/vck190/production/3.2/board.xml as part xcvc1902-vsva2197-2mp-e-s specified in board_part file is either invalid or not available
WARNING: [Board 49-26] cannot add Board Part xilinx.com:vck190:part0:3.3 available at D:/Xilinx/Vivado/2024.1/data/xhub/boards/XilinxBoardStore/boards/Xilinx/vck190/production/3.3/board.xml as part xcvc1902-vsva2197-2mp-e-s specified in board_part file is either invalid or not available
WARNING: [Board 49-26] cannot add Board Part xilinx.com:vck190_newl:part0:1.0 available at D:/Xilinx/Vivado/2024.1/data/xhub/boards/XilinxBoardStore/boards/Xilinx/vck190_newl/production/1.0/board.xml as part xcvc1902-vsva2197-2mp-e-s specified in board_part file is either invalid or not available
WARNING: [Board 49-26] cannot add Board Part xilinx.com:vck190_newl:part0:1.1 available at D:/Xilinx/Vivado/2024.1/data/xhub/boards/XilinxBoardStore/boards/Xilinx/vck190_newl/production/1.1/board.xml as part xcvc1902-vsva2197-2mp-e-s specified in board_part file is either invalid or not available
WARNING: [Board 49-26] cannot add Board Part xilinx.com:vck190_newl:part0:1.2 available at D:/Xilinx/Vivado/2024.1/data/xhub/boards/XilinxBoardStore/boards/Xilinx/vck190_newl/production/1.2/board.xml as part xcvc1902-vsva2197-2mp-e-s specified in board_part file is either invalid or not available
WARNING: [Board 49-26] cannot add Board Part xilinx.com:vcu108:part0:1.6 available at D:/Xilinx/Vivado/2024.1/data/xhub/boards/XilinxBoardStore/boards/Xilinx/vcu108/1.6/board.xml as part xcvu095-ffva2104-2-e specified in board_part file is either invalid or not available
WARNING: [Board 49-26] cannot add Board Part xilinx.com:vcu108:part0:1.7 available at D:/Xilinx/Vivado/2024.1/data/xhub/boards/XilinxBoardStore/boards/Xilinx/vcu108/1.7/board.xml as part xcvu095-ffva2104-2-e specified in board_part file is either invalid or not available
WARNING: [Board 49-26] cannot add Board Part xilinx.com:vcu110:part0:1.4 available at D:/Xilinx/Vivado/2024.1/data/xhub/boards/XilinxBoardStore/boards/Xilinx/vcu110/1.4/board.xml as part xcvu190-flgc2104-2-e specified in board_part file is either invalid or not available
WARNING: [Board 49-26] cannot add Board Part xilinx.com:vcu118:part0:2.0 available at D:/Xilinx/Vivado/2024.1/data/xhub/boards/XilinxBoardStore/boards/Xilinx/vcu118/2.0/board.xml as part xcvu9p-flga2104-2l-e specified in board_part file is either invalid or not available
WARNING: [Board 49-26] cannot add Board Part xilinx.com:vcu118:part0:2.3 available at D:/Xilinx/Vivado/2024.1/data/xhub/boards/XilinxBoardStore/boards/Xilinx/vcu118/2.3/board.xml as part xcvu9p-flga2104-2l-e specified in board_part file is either invalid or not available
WARNING: [Board 49-26] cannot add Board Part xilinx.com:vcu118:part0:2.4 available at D:/Xilinx/Vivado/2024.1/data/xhub/boards/XilinxBoardStore/boards/Xilinx/vcu118/2.4/board.xml as part xcvu9p-flga2104-2l-e specified in board_part file is either invalid or not available
WARNING: [Board 49-26] cannot add Board Part xilinx.com:vcu128:part0:1.0 available at D:/Xilinx/Vivado/2024.1/data/xhub/boards/XilinxBoardStore/boards/Xilinx/vcu128/production/1.0/board.xml as part xcvu37p-fsvh2892-2l-e specified in board_part file is either invalid or not available
WARNING: [Board 49-26] cannot add Board Part xilinx.com:vcu129:part0:1.0 available at D:/Xilinx/Vivado/2024.1/data/xhub/boards/XilinxBoardStore/boards/Xilinx/vcu129/production/1.0/board.xml as part xcvu29p-fsga2577-2l-e specified in board_part file is either invalid or not available
WARNING: [Board 49-26] cannot add Board Part xilinx.com:vcu1525:part0:1.3 available at D:/Xilinx/Vivado/2024.1/data/xhub/boards/XilinxBoardStore/boards/Xilinx/vcu1525/1.3/board.xml as part xcvu9p-fsgd2104-2l-e specified in board_part file is either invalid or not available
WARNING: [Board 49-26] cannot add Board Part xilinx.com:vek280:part0:1.0 available at D:/Xilinx/Vivado/2024.1/data/xhub/boards/XilinxBoardStore/boards/Xilinx/vek280/production/1.0/board.xml as part xcve2802-vsvh1760-2mp-e-s specified in board_part file is either invalid or not available
WARNING: [Board 49-26] cannot add Board Part xilinx.com:vek280:part0:1.1 available at D:/Xilinx/Vivado/2024.1/data/xhub/boards/XilinxBoardStore/boards/Xilinx/vek280/production/1.1/board.xml as part xcve2802-vsvh1760-2mp-e-s specified in board_part file is either invalid or not available
WARNING: [Board 49-26] cannot add Board Part xilinx.com:vek280:part0:1.2 available at D:/Xilinx/Vivado/2024.1/data/xhub/boards/XilinxBoardStore/boards/Xilinx/vek280/production/1.2/board.xml as part xcve2802-vsvh1760-2mp-e-s specified in board_part file is either invalid or not available
WARNING: [Board 49-26] cannot add Board Part xilinx.com:vek280_es:part0:1.0 available at D:/Xilinx/Vivado/2024.1/data/xhub/boards/XilinxBoardStore/boards/Xilinx/vek280/es/rev_a/1.0/board.xml as part xcve2802-vsvh1760-2lp-e-s-es1 specified in board_part file is either invalid or not available
WARNING: [Board 49-26] cannot add Board Part xilinx.com:vek280_es:part0:1.1 available at D:/Xilinx/Vivado/2024.1/data/xhub/boards/XilinxBoardStore/boards/Xilinx/vek280/es/rev_a/1.1/board.xml as part xcve2802-vsvh1760-2lp-e-s-es1 specified in board_part file is either invalid or not available
WARNING: [Board 49-26] cannot add Board Part xilinx.com:vek280_es_revb:part0:1.0 available at D:/Xilinx/Vivado/2024.1/data/xhub/boards/XilinxBoardStore/boards/Xilinx/vek280/es/rev_b/1.0/board.xml as part xcve2802-vsvh1760-2mp-e-s-es1 specified in board_part file is either invalid or not available
WARNING: [Board 49-26] cannot add Board Part xilinx.com:vek280_es_revb:part0:1.1 available at D:/Xilinx/Vivado/2024.1/data/xhub/boards/XilinxBoardStore/boards/Xilinx/vek280/es/rev_b/1.1/board.xml as part xcve2802-vsvh1760-2mp-e-s-es1 specified in board_part file is either invalid or not available
WARNING: [Board 49-26] cannot add Board Part xilinx.com:vermeo_t1_mpsoc:part0:1.0 available at D:/Xilinx/Vivado/2024.1/data/xhub/boards/XilinxBoardStore/boards/Xilinx/vermeo_t1_mpsoc/1.0/board.xml as part xczu19eg-ffvd1760-2l-e specified in board_part file is either invalid or not available
WARNING: [Board 49-26] cannot add Board Part xilinx.com:vermeo_t1_rfsoc:part0:1.0 available at D:/Xilinx/Vivado/2024.1/data/xhub/boards/XilinxBoardStore/boards/Xilinx/vermeo_t1_rfsoc/1.0/board.xml as part xczu21dr-ffvd1156-2l-e specified in board_part file is either invalid or not available
WARNING: [Board 49-26] cannot add Board Part xilinx.com:vhk158:part0:1.0 available at D:/Xilinx/Vivado/2024.1/data/xhub/boards/XilinxBoardStore/boards/Xilinx/vhk158/production/1.0/board.xml as part xcvh1582-vsva3697-2mp-e-s specified in board_part file is either invalid or not available
WARNING: [Board 49-26] cannot add Board Part xilinx.com:vhk158:part0:1.1 available at D:/Xilinx/Vivado/2024.1/data/xhub/boards/XilinxBoardStore/boards/Xilinx/vhk158/production/1.1/board.xml as part xcvh1582-vsva3697-2mp-e-s specified in board_part file is either invalid or not available
WARNING: [Board 49-26] cannot add Board Part xilinx.com:vhk158_es:part0:1.0 available at D:/Xilinx/Vivado/2024.1/data/xhub/boards/XilinxBoardStore/boards/Xilinx/vhk158/es/1.0/board.xml as part xcvh1582-vsva3697-2mp-e-s-es1 specified in board_part file is either invalid or not available
WARNING: [Board 49-26] cannot add Board Part xilinx.com:vhk158_es:part0:1.1 available at D:/Xilinx/Vivado/2024.1/data/xhub/boards/XilinxBoardStore/boards/Xilinx/vhk158/es/1.1/board.xml as part xcvh1582-vsva3697-2mp-e-s-es1 specified in board_part file is either invalid or not available
WARNING: [Board 49-26] cannot add Board Part xilinx.com:vmk180:part0:2.2 available at D:/Xilinx/Vivado/2024.1/data/xhub/boards/XilinxBoardStore/boards/Xilinx/vmk180/production/2.2/board.xml as part xcvm1802-vsva2197-2mp-e-s specified in board_part file is either invalid or not available
WARNING: [Board 49-26] cannot add Board Part xilinx.com:vmk180:part0:3.0 available at D:/Xilinx/Vivado/2024.1/data/xhub/boards/XilinxBoardStore/boards/Xilinx/vmk180/production/3.0/board.xml as part xcvm1802-vsva2197-2mp-e-s specified in board_part file is either invalid or not available
WARNING: [Board 49-26] cannot add Board Part xilinx.com:vmk180:part0:3.1 available at D:/Xilinx/Vivado/2024.1/data/xhub/boards/XilinxBoardStore/boards/Xilinx/vmk180/production/3.1/board.xml as part xcvm1802-vsva2197-2mp-e-s specified in board_part file is either invalid or not available
WARNING: [Board 49-26] cannot add Board Part xilinx.com:vmk180:part0:3.2 available at D:/Xilinx/Vivado/2024.1/data/xhub/boards/XilinxBoardStore/boards/Xilinx/vmk180/production/3.2/board.xml as part xcvm1802-vsva2197-2mp-e-s specified in board_part file is either invalid or not available
WARNING: [Board 49-26] cannot add Board Part xilinx.com:vmk180_newl:part0:1.0 available at D:/Xilinx/Vivado/2024.1/data/xhub/boards/XilinxBoardStore/boards/Xilinx/vmk180_newl/production/1.0/board.xml as part xcvm1802-vsva2197-2mp-e-s specified in board_part file is either invalid or not available
WARNING: [Board 49-26] cannot add Board Part xilinx.com:vmk180_newl:part0:1.1 available at D:/Xilinx/Vivado/2024.1/data/xhub/boards/XilinxBoardStore/boards/Xilinx/vmk180_newl/production/1.1/board.xml as part xcvm1802-vsva2197-2mp-e-s specified in board_part file is either invalid or not available
WARNING: [Board 49-26] cannot add Board Part xilinx.com:vpk120:part0:1.0 available at D:/Xilinx/Vivado/2024.1/data/xhub/boards/XilinxBoardStore/boards/Xilinx/vpk120/production/1.0/board.xml as part xcvp1202-vsva2785-2mp-e-s specified in board_part file is either invalid or not available
WARNING: [Board 49-26] cannot add Board Part xilinx.com:vpk120:part0:1.1 available at D:/Xilinx/Vivado/2024.1/data/xhub/boards/XilinxBoardStore/boards/Xilinx/vpk120/production/1.1/board.xml as part xcvp1202-vsva2785-2mp-e-s specified in board_part file is either invalid or not available
WARNING: [Board 49-26] cannot add Board Part xilinx.com:vpk120:part0:1.2 available at D:/Xilinx/Vivado/2024.1/data/xhub/boards/XilinxBoardStore/boards/Xilinx/vpk120/production/1.2/board.xml as part xcvp1202-vsva2785-2mp-e-s specified in board_part file is either invalid or not available
WARNING: [Board 49-26] cannot add Board Part xilinx.com:vpk180:part0:1.0 available at D:/Xilinx/Vivado/2024.1/data/xhub/boards/XilinxBoardStore/boards/Xilinx/vpk180/production/1.0/board.xml as part xcvp1802-lsvc4072-2mp-e-s specified in board_part file is either invalid or not available
WARNING: [Board 49-26] cannot add Board Part xilinx.com:vpk180:part0:1.1 available at D:/Xilinx/Vivado/2024.1/data/xhub/boards/XilinxBoardStore/boards/Xilinx/vpk180/production/1.1/board.xml as part xcvp1802-lsvc4072-2mp-e-s specified in board_part file is either invalid or not available
WARNING: [Board 49-26] cannot add Board Part xilinx.com:vpk180:part0:1.2 available at D:/Xilinx/Vivado/2024.1/data/xhub/boards/XilinxBoardStore/boards/Xilinx/vpk180/production/1.2/board.xml as part xcvp1802-lsvc4072-2mp-e-s specified in board_part file is either invalid or not available
WARNING: [Board 49-26] cannot add Board Part xilinx.com:zc702:part0:1.4 available at D:/Xilinx/Vivado/2024.1/data/xhub/boards/XilinxBoardStore/boards/Xilinx/zc702/1.4/board.xml as part xc7z020clg484-1 specified in board_part file is either invalid or not available
WARNING: [Board 49-26] cannot add Board Part xilinx.com:zc706:part0:1.4 available at D:/Xilinx/Vivado/2024.1/data/xhub/boards/XilinxBoardStore/boards/Xilinx/zc706/1.4/board.xml as part xc7z045ffg900-2 specified in board_part file is either invalid or not available
WARNING: [Board 49-26] cannot add Board Part xilinx.com:zcu102:part0:3.3 available at D:/Xilinx/Vivado/2024.1/data/xhub/boards/XilinxBoardStore/boards/Xilinx/zcu102/3.3/board.xml as part xczu9eg-ffvb1156-2-e specified in board_part file is either invalid or not available
WARNING: [Board 49-26] cannot add Board Part xilinx.com:zcu102:part0:3.4 available at D:/Xilinx/Vivado/2024.1/data/xhub/boards/XilinxBoardStore/boards/Xilinx/zcu102/3.4/board.xml as part xczu9eg-ffvb1156-2-e specified in board_part file is either invalid or not available
WARNING: [Board 49-26] cannot add Board Part xilinx.com:zcu104:part0:1.1 available at D:/Xilinx/Vivado/2024.1/data/xhub/boards/XilinxBoardStore/boards/Xilinx/zcu104/1.1/board.xml as part xczu7ev-ffvc1156-2-e specified in board_part file is either invalid or not available
WARNING: [Board 49-26] cannot add Board Part xilinx.com:zcu106:part0:2.4 available at D:/Xilinx/Vivado/2024.1/data/xhub/boards/XilinxBoardStore/boards/Xilinx/zcu106/2.4/board.xml as part xczu7ev-ffvc1156-2-e specified in board_part file is either invalid or not available
WARNING: [Board 49-26] cannot add Board Part xilinx.com:zcu106:part0:2.5 available at D:/Xilinx/Vivado/2024.1/data/xhub/boards/XilinxBoardStore/boards/Xilinx/zcu106/2.5/board.xml as part xczu7ev-ffvc1156-2-e specified in board_part file is either invalid or not available
WARNING: [Board 49-26] cannot add Board Part xilinx.com:zcu106:part0:2.6 available at D:/Xilinx/Vivado/2024.1/data/xhub/boards/XilinxBoardStore/boards/Xilinx/zcu106/2.6/board.xml as part xczu7ev-ffvc1156-2-e specified in board_part file is either invalid or not available
WARNING: [Board 49-26] cannot add Board Part xilinx.com:zcu111:part0:1.2 available at D:/Xilinx/Vivado/2024.1/data/xhub/boards/XilinxBoardStore/boards/Xilinx/zcu111/1.2/board.xml as part xczu28dr-ffvg1517-2-e specified in board_part file is either invalid or not available
WARNING: [Board 49-26] cannot add Board Part xilinx.com:zcu111:part0:1.3 available at D:/Xilinx/Vivado/2024.1/data/xhub/boards/XilinxBoardStore/boards/Xilinx/zcu111/1.3/board.xml as part xczu28dr-ffvg1517-2-e specified in board_part file is either invalid or not available
WARNING: [Board 49-26] cannot add Board Part xilinx.com:zcu111:part0:1.4 available at D:/Xilinx/Vivado/2024.1/data/xhub/boards/XilinxBoardStore/boards/Xilinx/zcu111/1.4/board.xml as part xczu28dr-ffvg1517-2-e specified in board_part file is either invalid or not available
WARNING: [Board 49-26] cannot add Board Part xilinx.com:zcu1275:part0:1.0 available at D:/Xilinx/Vivado/2024.1/data/xhub/boards/XilinxBoardStore/boards/Xilinx/zcu1275/1.0/board.xml as part xczu29dr-ffvf1760-2-e specified in board_part file is either invalid or not available
WARNING: [Board 49-26] cannot add Board Part xilinx.com:zcu1285:part0:1.0 available at D:/Xilinx/Vivado/2024.1/data/xhub/boards/XilinxBoardStore/boards/Xilinx/zcu1285/1.0/board.xml as part xczu39dr-ffvf1760-2-i specified in board_part file is either invalid or not available
WARNING: [Board 49-26] cannot add Board Part xilinx.com:zcu208:part0:2.0 available at D:/Xilinx/Vivado/2024.1/data/xhub/boards/XilinxBoardStore/boards/Xilinx/zcu208/production/2.0/board.xml as part xczu48dr-fsvg1517-2-e specified in board_part file is either invalid or not available
WARNING: [Board 49-26] cannot add Board Part xilinx.com:zcu208ld:part0:2.0 available at D:/Xilinx/Vivado/2024.1/data/xhub/boards/XilinxBoardStore/boards/Xilinx/zcu208ld/production/2.0/board.xml as part xczu58dr-fsvg1517-2-i specified in board_part file is either invalid or not available
WARNING: [Board 49-26] cannot add Board Part xilinx.com:zcu216:part0:2.0 available at D:/Xilinx/Vivado/2024.1/data/xhub/boards/XilinxBoardStore/boards/Xilinx/zcu216/production/2.0/board.xml as part xczu49dr-ffvf1760-2-e specified in board_part file is either invalid or not available
WARNING: [Board 49-26] cannot add Board Part xilinx.com:zcu216ld:part0:2.0 available at D:/Xilinx/Vivado/2024.1/data/xhub/boards/XilinxBoardStore/boards/Xilinx/zcu216ld/production/2.0/board.xml as part xczu59dr-ffvf1760-2-i specified in board_part file is either invalid or not available
WARNING: [Board 49-26] cannot add Board Part xilinx.com:zcu670:part0:2.0 available at D:/Xilinx/Vivado/2024.1/data/xhub/boards/XilinxBoardStore/boards/Xilinx/zcu670/2.0/board.xml as part xczu67dr-fsve1156-2-i specified in board_part file is either invalid or not available
WARNING: [Board 49-26] cannot add Board Part xilinx.com:zcu670ld:part0:1.0 available at D:/Xilinx/Vivado/2024.1/data/xhub/boards/XilinxBoardStore/boards/Xilinx/zcu670ld/1.0/board.xml as part xczu57dr-fsve1156-2-i specified in board_part file is either invalid or not available
open_project E:/Digital_Logic/Labs/Lab3/ALU/ALU/ALU.xpr
INFO: [Project 1-313] Project file moved from 'C:/Users/Administrator/Desktop/ALU' since last save.
Scanning sources...
Finished scanning sources
INFO: [Project 1-230] Project 'ALU.xpr' upgraded for this version of Vivado.
INFO: [IP_Flow 19-234] Refreshing IP repositories
INFO: [IP_Flow 19-1704] No user IP repositories specified
INFO: [IP_Flow 19-2313] Loaded Vivado IP repository 'D:/Xilinx/Vivado/2024.1/data/ip'.
upgrade_project -migrate_output_products
update_compile_order -fileset sources_1
file mkdir E:/Digital_Logic/Labs/Lab3/ALU/ALU/ALU.srcs/sources_1/new
close [ open E:/Digital_Logic/Labs/Lab3/ALU/ALU/ALU.srcs/sources_1/new/ALU_Top.sv w ]
add_files E:/Digital_Logic/Labs/Lab3/ALU/ALU/ALU.srcs/sources_1/new/ALU_Top.sv
WARNING: [filemgmt 56-199] Attempt to get parsing info during refresh. "On-the-fly" syntax checking information may be incorrect. [E:\Digital_Logic\Labs\Lab3\ALU\ALU\ALU.srcs\sim_1\new\ALU4_Sim.sv:]
WARNING: [filemgmt 56-199] Attempt to get parsing info during refresh. "On-the-fly" syntax checking information may be incorrect. [E:\Digital_Logic\Labs\Lab3\ALU\ALU\ALU.srcs\sources_1\imports\new\ALU4.sv:]
WARNING: [filemgmt 56-199] Attempt to get parsing info during refresh. "On-the-fly" syntax checking information may be incorrect. [E:\Digital_Logic\Labs\Lab3\ALU\ALU\ALU.srcs\sources_1\imports\new\ALU4.sv:]
WARNING: [filemgmt 56-199] Attempt to get parsing info during refresh. "On-the-fly" syntax checking information may be incorrect. [E:\Digital_Logic\Labs\Lab3\ALU\ALU\ALU.srcs\sources_1\imports\new\ALU4.sv:]
ERROR: [Common 17-180] Spawn failed: No error
WARNING: [filemgmt 56-199] Attempt to get parsing info during refresh. "On-the-fly" syntax checking information may be incorrect. [E:\Digital_Logic\Labs\Lab3\ALU\ALU\ALU.srcs\sim_1\new\ALU4_Sim.sv:]
WARNING: [filemgmt 56-199] Attempt to get parsing info during refresh. "On-the-fly" syntax checking information may be incorrect. [E:\Digital_Logic\Labs\Lab3\ALU\ALU\ALU.srcs\sources_1\imports\new\ALU4.sv:]
WARNING: [filemgmt 56-199] Attempt to get parsing info during refresh. "On-the-fly" syntax checking information may be incorrect. [E:\Digital_Logic\Labs\Lab3\ALU\ALU\ALU.srcs\sim_1\new\ALU4_Sim.sv:]
WARNING: [filemgmt 56-199] Attempt to get parsing info during refresh. "On-the-fly" syntax checking information may be incorrect. [E:\Digital_Logic\Labs\Lab3\ALU\ALU\ALU.srcs\sim_1\new\ALU4_Sim.sv:]
ERROR: [Common 17-180] Spawn failed: No error
update_compile_order -fileset sources_1
WARNING: [filemgmt 56-199] Attempt to get parsing info during refresh. "On-the-fly" syntax checking information may be incorrect. [E:\Digital_Logic\Labs\Lab3\ALU\ALU\ALU.srcs\sim_1\new\ALU4_Sim.sv:]
WARNING: [filemgmt 56-199] Attempt to get parsing info during refresh. "On-the-fly" syntax checking information may be incorrect. [E:\Digital_Logic\Labs\Lab3\ALU\ALU\ALU.srcs\sources_1\imports\new\ALU4.sv:]
WARNING: [filemgmt 56-199] Attempt to get parsing info during refresh. "On-the-fly" syntax checking information may be incorrect. [E:\Digital_Logic\Labs\Lab3\ALU\ALU\ALU.srcs\sources_1\imports\new\ALU4.sv:]
WARNING: [filemgmt 56-199] Attempt to get parsing info during refresh. "On-the-fly" syntax checking information may be incorrect. [E:\Digital_Logic\Labs\Lab3\ALU\ALU\ALU.srcs\sources_1\imports\new\ALU4.sv:]
ERROR: [Common 17-180] Spawn failed: No error
WARNING: [filemgmt 56-199] Attempt to get parsing info during refresh. "On-the-fly" syntax checking information may be incorrect. [E:\Digital_Logic\Labs\Lab3\ALU\ALU\ALU.srcs\sim_1\new\ALU4_Sim.sv:]
WARNING: [filemgmt 56-199] Attempt to get parsing info during refresh. "On-the-fly" syntax checking information may be incorrect. [E:\Digital_Logic\Labs\Lab3\ALU\ALU\ALU.srcs\sources_1\new\ALU_Top.sv:]
WARNING: [filemgmt 56-199] Attempt to get parsing info during refresh. "On-the-fly" syntax checking information may be incorrect. [E:\Digital_Logic\Labs\Lab3\ALU\ALU\ALU.srcs\sources_1\imports\new\ALU4.sv:]
WARNING: [filemgmt 56-199] Attempt to get parsing info during refresh. "On-the-fly" syntax checking information may be incorrect. [E:\Digital_Logic\Labs\Lab3\ALU\ALU\ALU.srcs\sim_1\new\ALU4_Sim.sv:]
WARNING: [filemgmt 56-199] Attempt to get parsing info during refresh. "On-the-fly" syntax checking information may be incorrect. [E:\Digital_Logic\Labs\Lab3\ALU\ALU\ALU.srcs\sim_1\new\ALU4_Sim.sv:]
WARNING: [filemgmt 56-199] Attempt to get parsing info during refresh. "On-the-fly" syntax checking information may be incorrect. [E:\Digital_Logic\Labs\Lab3\ALU\ALU\ALU.srcs\sim_1\new\ALU4_Sim.sv:]
WARNING: [filemgmt 56-199] Attempt to get parsing info during refresh. "On-the-fly" syntax checking information may be incorrect. [E:\Digital_Logic\Labs\Lab3\ALU\ALU\ALU.srcs\sources_1\new\ALU_Top.sv:]
WARNING: [filemgmt 56-199] Attempt to get parsing info during refresh. "On-the-fly" syntax checking information may be incorrect. [E:\Digital_Logic\Labs\Lab3\ALU\ALU\ALU.srcs\sources_1\imports\new\ALU4.sv:]
WARNING: [filemgmt 56-199] Attempt to get parsing info during refresh. "On-the-fly" syntax checking information may be incorrect. [E:\Digital_Logic\Labs\Lab3\ALU\ALU\ALU.srcs\sources_1\imports\new\ALU4.sv:]
WARNING: [filemgmt 56-199] Attempt to get parsing info during refresh. "On-the-fly" syntax checking information may be incorrect. [E:\Digital_Logic\Labs\Lab3\ALU\ALU\ALU.srcs\sources_1\imports\new\ALU4.sv:]
WARNING: [filemgmt 56-199] Attempt to get parsing info during refresh. "On-the-fly" syntax checking information may be incorrect. [E:\Digital_Logic\Labs\Lab3\ALU\ALU\ALU.srcs\sim_1\new\ALU4_Sim.sv:]
WARNING: [filemgmt 56-199] Attempt to get parsing info during refresh. "On-the-fly" syntax checking information may be incorrect. [E:\Digital_Logic\Labs\Lab3\ALU\ALU\ALU.srcs\sources_1\new\ALU_Top.sv:]
WARNING: [filemgmt 56-199] Attempt to get parsing info during refresh. "On-the-fly" syntax checking information may be incorrect. [E:\Digital_Logic\Labs\Lab3\ALU\ALU\ALU.srcs\sources_1\imports\new\ALU4.sv:]
WARNING: [filemgmt 56-199] Attempt to get parsing info during refresh. "On-the-fly" syntax checking information may be incorrect. [E:\Digital_Logic\Labs\Lab3\ALU\ALU\ALU.srcs\sim_1\new\ALU4_Sim.sv:]
WARNING: [filemgmt 56-199] Attempt to get parsing info during refresh. "On-the-fly" syntax checking information may be incorrect. [E:\Digital_Logic\Labs\Lab3\ALU\ALU\ALU.srcs\sim_1\new\ALU4_Sim.sv:]
ERROR: [Common 17-180] Spawn failed: No error
WARNING: [filemgmt 56-199] Attempt to get parsing info during refresh. "On-the-fly" syntax checking information may be incorrect. [E:\Digital_Logic\Labs\Lab3\ALU\ALU\ALU.srcs\sim_1\new\ALU4_Sim.sv:]
WARNING: [filemgmt 56-199] Attempt to get parsing info during refresh. "On-the-fly" syntax checking information may be incorrect. [E:\Digital_Logic\Labs\Lab3\ALU\ALU\ALU.srcs\sources_1\new\ALU_Top.sv:]
WARNING: [filemgmt 56-199] Attempt to get parsing info during refresh. "On-the-fly" syntax checking information may be incorrect. [E:\Digital_Logic\Labs\Lab3\ALU\ALU\ALU.srcs\sources_1\imports\new\ALU4.sv:]
WARNING: [filemgmt 56-199] Attempt to get parsing info during refresh. "On-the-fly" syntax checking information may be incorrect. [E:\Digital_Logic\Labs\Lab3\ALU\ALU\ALU.srcs\sources_1\imports\new\ALU4.sv:]
WARNING: [filemgmt 56-199] Attempt to get parsing info during refresh. "On-the-fly" syntax checking information may be incorrect. [E:\Digital_Logic\Labs\Lab3\ALU\ALU\ALU.srcs\sources_1\imports\new\ALU4.sv:]
update_compile_order -fileset sources_1
WARNING: [filemgmt 56-199] Attempt to get parsing info during refresh. "On-the-fly" syntax checking information may be incorrect. [E:\Digital_Logic\Labs\Lab3\ALU\ALU\ALU.srcs\sim_1\new\ALU4_Sim.sv:]
WARNING: [filemgmt 56-199] Attempt to get parsing info during refresh. "On-the-fly" syntax checking information may be incorrect. [E:\Digital_Logic\Labs\Lab3\ALU\ALU\ALU.srcs\sources_1\new\ALU_Top.sv:]
WARNING: [filemgmt 56-199] Attempt to get parsing info during refresh. "On-the-fly" syntax checking information may be incorrect. [E:\Digital_Logic\Labs\Lab3\ALU\ALU\ALU.srcs\sources_1\imports\new\ALU4.sv:]
WARNING: [filemgmt 56-199] Attempt to get parsing info during refresh. "On-the-fly" syntax checking information may be incorrect. [E:\Digital_Logic\Labs\Lab3\ALU\ALU\ALU.srcs\sim_1\new\ALU4_Sim.sv:]
WARNING: [filemgmt 56-199] Attempt to get parsing info during refresh. "On-the-fly" syntax checking information may be incorrect. [E:\Digital_Logic\Labs\Lab3\ALU\ALU\ALU.srcs\sim_1\new\ALU4_Sim.sv:]
WARNING: [filemgmt 56-199] Attempt to get parsing info during refresh. "On-the-fly" syntax checking information may be incorrect. [E:\Digital_Logic\Labs\Lab3\ALU\ALU\ALU.srcs\sim_1\new\ALU4_Sim.sv:]
WARNING: [filemgmt 56-199] Attempt to get parsing info during refresh. "On-the-fly" syntax checking information may be incorrect. [E:\Digital_Logic\Labs\Lab3\ALU\ALU\ALU.srcs\sources_1\new\ALU_Top.sv:]
WARNING: [filemgmt 56-199] Attempt to get parsing info during refresh. "On-the-fly" syntax checking information may be incorrect. [E:\Digital_Logic\Labs\Lab3\ALU\ALU\ALU.srcs\sources_1\imports\new\ALU4.sv:]
WARNING: [filemgmt 56-199] Attempt to get parsing info during refresh. "On-the-fly" syntax checking information may be incorrect. [E:\Digital_Logic\Labs\Lab3\ALU\ALU\ALU.srcs\sources_1\imports\new\ALU4.sv:]
WARNING: [filemgmt 56-199] Attempt to get parsing info during refresh. "On-the-fly" syntax checking information may be incorrect. [E:\Digital_Logic\Labs\Lab3\ALU\ALU\ALU.srcs\sources_1\imports\new\ALU4.sv:]
add_files -norecurse {E:/Digital_Logic/Labs/Lab2/x7seg/x7seg/x7seg.srcs/sources_1/new/x7seg.sv E:/Digital_Logic/Labs/Lab2/Hex7Seg/Hex7Seg/Hex7Seg.srcs/sources_1/new/Hex7Seg.sv}
WARNING: [filemgmt 56-199] Attempt to get parsing info during refresh. "On-the-fly" syntax checking information may be incorrect. [E:\Digital_Logic\Labs\Lab3\ALU\ALU\ALU.srcs\sim_1\new\ALU4_Sim.sv:]
WARNING: [filemgmt 56-199] Attempt to get parsing info during refresh. "On-the-fly" syntax checking information may be incorrect. [E:\Digital_Logic\Labs\Lab3\ALU\ALU\ALU.srcs\sources_1\new\ALU_Top.sv:]
WARNING: [filemgmt 56-199] Attempt to get parsing info during refresh. "On-the-fly" syntax checking information may be incorrect. [E:\Digital_Logic\Labs\Lab3\ALU\ALU\ALU.srcs\sources_1\imports\new\ALU4.sv:]
WARNING: [filemgmt 56-199] Attempt to get parsing info during refresh. "On-the-fly" syntax checking information may be incorrect. [E:\Digital_Logic\Labs\Lab3\ALU\ALU\ALU.srcs\sim_1\new\ALU4_Sim.sv:]
WARNING: [filemgmt 56-199] Attempt to get parsing info during refresh. "On-the-fly" syntax checking information may be incorrect. [E:\Digital_Logic\Labs\Lab3\ALU\ALU\ALU.srcs\sim_1\new\ALU4_Sim.sv:]
WARNING: [filemgmt 56-199] Attempt to get parsing info during refresh. "On-the-fly" syntax checking information may be incorrect. [E:\Digital_Logic\Labs\Lab3\ALU\ALU\ALU.srcs\sim_1\new\ALU4_Sim.sv:]
WARNING: [filemgmt 56-199] Attempt to get parsing info during refresh. "On-the-fly" syntax checking information may be incorrect. [E:\Digital_Logic\Labs\Lab3\ALU\ALU\ALU.srcs\sources_1\new\ALU_Top.sv:]
WARNING: [filemgmt 56-199] Attempt to get parsing info during refresh. "On-the-fly" syntax checking information may be incorrect. [E:\Digital_Logic\Labs\Lab3\ALU\ALU\ALU.srcs\sources_1\imports\new\ALU4.sv:]
WARNING: [filemgmt 56-199] Attempt to get parsing info during refresh. "On-the-fly" syntax checking information may be incorrect. [E:\Digital_Logic\Labs\Lab3\ALU\ALU\ALU.srcs\sources_1\imports\new\ALU4.sv:]
WARNING: [filemgmt 56-199] Attempt to get parsing info during refresh. "On-the-fly" syntax checking information may be incorrect. [E:\Digital_Logic\Labs\Lab3\ALU\ALU\ALU.srcs\sources_1\imports\new\ALU4.sv:]
update_compile_order -fileset sources_1
WARNING: [filemgmt 56-199] Attempt to get parsing info during refresh. "On-the-fly" syntax checking information may be incorrect. [E:\Digital_Logic\Labs\Lab3\ALU\ALU\ALU.srcs\sim_1\new\ALU4_Sim.sv:]
WARNING: [filemgmt 56-199] Attempt to get parsing info during refresh. "On-the-fly" syntax checking information may be incorrect. [E:\Digital_Logic\Labs\Lab3\ALU\ALU\ALU.srcs\sources_1\new\ALU_Top.sv:]
WARNING: [filemgmt 56-199] Attempt to get parsing info during refresh. "On-the-fly" syntax checking information may be incorrect. [E:\Digital_Logic\Labs\Lab3\ALU\ALU\ALU.srcs\sources_1\imports\new\ALU4.sv:]
WARNING: [filemgmt 56-199] Attempt to get parsing info during refresh. "On-the-fly" syntax checking information may be incorrect. [E:\Digital_Logic\Labs\Lab3\ALU\ALU\ALU.srcs\sim_1\new\ALU4_Sim.sv:]
WARNING: [filemgmt 56-199] Attempt to get parsing info during refresh. "On-the-fly" syntax checking information may be incorrect. [E:\Digital_Logic\Labs\Lab3\ALU\ALU\ALU.srcs\sim_1\new\ALU4_Sim.sv:]
ERROR: [Common 17-180] Spawn failed: No error
WARNING: [filemgmt 56-199] Attempt to get parsing info during refresh. "On-the-fly" syntax checking information may be incorrect. [E:\Digital_Logic\Labs\Lab3\ALU\ALU\ALU.srcs\sim_1\new\ALU4_Sim.sv:]
WARNING: [filemgmt 56-199] Attempt to get parsing info during refresh. "On-the-fly" syntax checking information may be incorrect. [E:\Digital_Logic\Labs\Lab3\ALU\ALU\ALU.srcs\sources_1\new\ALU_Top.sv:]
WARNING: [filemgmt 56-199] Attempt to get parsing info during refresh. "On-the-fly" syntax checking information may be incorrect. [E:\Digital_Logic\Labs\Lab3\ALU\ALU\ALU.srcs\sources_1\imports\new\ALU4.sv:]
WARNING: [filemgmt 56-199] Attempt to get parsing info during refresh. "On-the-fly" syntax checking information may be incorrect. [E:\Digital_Logic\Labs\Lab3\ALU\ALU\ALU.srcs\sources_1\imports\new\ALU4.sv:]
WARNING: [filemgmt 56-199] Attempt to get parsing info during refresh. "On-the-fly" syntax checking information may be incorrect. [E:\Digital_Logic\Labs\Lab3\ALU\ALU\ALU.srcs\sources_1\imports\new\ALU4.sv:]
WARNING: [filemgmt 56-199] Attempt to get parsing info during refresh. "On-the-fly" syntax checking information may be incorrect. [E:\Digital_Logic\Labs\Lab2\x7seg\x7seg\x7seg.srcs\sources_1\new\x7seg.sv:]
WARNING: [filemgmt 56-199] Attempt to get parsing info during refresh. "On-the-fly" syntax checking information may be incorrect. [E:\Digital_Logic\Labs\Lab3\ALU\ALU\ALU.srcs\sources_1\new\ALU_Top.sv:]
WARNING: [filemgmt 56-199] Attempt to get parsing info during refresh. "On-the-fly" syntax checking information may be incorrect. [E:\Digital_Logic\Labs\Lab3\ALU\ALU\ALU.srcs\sources_1\new\ALU_Top.sv:]
WARNING: [filemgmt 56-199] Attempt to get parsing info during refresh. "On-the-fly" syntax checking information may be incorrect. [E:\Digital_Logic\Labs\Lab3\ALU\ALU\ALU.srcs\sources_1\new\ALU_Top.sv:]
ERROR: [Common 17-180] Spawn failed: No error
WARNING: [filemgmt 56-199] Attempt to get parsing info during refresh. "On-the-fly" syntax checking information may be incorrect. [E:\Digital_Logic\Labs\Lab2\x7seg\x7seg\x7seg.srcs\sources_1\new\x7seg.sv:]
WARNING: [filemgmt 56-199] Attempt to get parsing info during refresh. "On-the-fly" syntax checking information may be incorrect. [E:\Digital_Logic\Labs\Lab3\ALU\ALU\ALU.srcs\sources_1\new\ALU_Top.sv:]
WARNING: [filemgmt 56-199] Attempt to get parsing info during refresh. "On-the-fly" syntax checking information may be incorrect. [E:\Digital_Logic\Labs\Lab3\ALU\ALU\ALU.srcs\sources_1\new\ALU_Top.sv:]
WARNING: [filemgmt 56-199] Attempt to get parsing info during refresh. "On-the-fly" syntax checking information may be incorrect. [E:\Digital_Logic\Labs\Lab3\ALU\ALU\ALU.srcs\sources_1\new\ALU_Top.sv:]
ERROR: [Common 17-180] Spawn failed: No error
WARNING: [filemgmt 56-199] Attempt to get parsing info during refresh. "On-the-fly" syntax checking information may be incorrect. [E:\Digital_Logic\Labs\Lab2\x7seg\x7seg\x7seg.srcs\sources_1\new\x7seg.sv:]
WARNING: [filemgmt 56-199] Attempt to get parsing info during refresh. "On-the-fly" syntax checking information may be incorrect. [E:\Digital_Logic\Labs\Lab3\ALU\ALU\ALU.srcs\sources_1\new\ALU_Top.sv:]
WARNING: [filemgmt 56-199] Attempt to get parsing info during refresh. "On-the-fly" syntax checking information may be incorrect. [E:\Digital_Logic\Labs\Lab3\ALU\ALU\ALU.srcs\sources_1\new\ALU_Top.sv:]
WARNING: [filemgmt 56-199] Attempt to get parsing info during refresh. "On-the-fly" syntax checking information may be incorrect. [E:\Digital_Logic\Labs\Lab3\ALU\ALU\ALU.srcs\sources_1\new\ALU_Top.sv:]
ERROR: [Common 17-180] Spawn failed: No error
WARNING: [filemgmt 56-199] Attempt to get parsing info during refresh. "On-the-fly" syntax checking information may be incorrect. [E:\Digital_Logic\Labs\Lab2\Hex7Seg\Hex7Seg\Hex7Seg.srcs\sources_1\new\Hex7Seg.sv:]
WARNING: [filemgmt 56-199] Attempt to get parsing info during refresh. "On-the-fly" syntax checking information may be incorrect. [E:\Digital_Logic\Labs\Lab3\ALU\ALU\ALU.srcs\sources_1\new\ALU_Top.sv:]
WARNING: [filemgmt 56-199] Attempt to get parsing info during refresh. "On-the-fly" syntax checking information may be incorrect. [E:\Digital_Logic\Labs\Lab3\ALU\ALU\ALU.srcs\sources_1\new\ALU_Top.sv:]
WARNING: [filemgmt 56-199] Attempt to get parsing info during refresh. "On-the-fly" syntax checking information may be incorrect. [E:\Digital_Logic\Labs\Lab3\ALU\ALU\ALU.srcs\sources_1\new\ALU_Top.sv:]
ERROR: [Common 17-180] Spawn failed: No error
WARNING: [filemgmt 56-199] Attempt to get parsing info during refresh. "On-the-fly" syntax checking information may be incorrect. [E:\Digital_Logic\Labs\Lab2\x7seg\x7seg\x7seg.srcs\sources_1\new\x7seg.sv:]
WARNING: [filemgmt 56-199] Attempt to get parsing info during refresh. "On-the-fly" syntax checking information may be incorrect. [E:\Digital_Logic\Labs\Lab2\Hex7Seg\Hex7Seg\Hex7Seg.srcs\sources_1\new\Hex7Seg.sv:]
WARNING: [filemgmt 56-199] Attempt to get parsing info during refresh. "On-the-fly" syntax checking information may be incorrect. [E:\Digital_Logic\Labs\Lab3\ALU\ALU\ALU.srcs\sources_1\new\ALU_Top.sv:]
WARNING: [filemgmt 56-199] Attempt to get parsing info during refresh. "On-the-fly" syntax checking information may be incorrect. [E:\Digital_Logic\Labs\Lab3\ALU\ALU\ALU.srcs\sources_1\imports\new\ALU4.sv:]
WARNING: [filemgmt 56-199] Attempt to get parsing info during refresh. "On-the-fly" syntax checking information may be incorrect. [E:\Digital_Logic\Labs\Lab3\ALU\ALU\ALU.srcs\sources_1\new\ALU_Top.sv:]
WARNING: [filemgmt 56-199] Attempt to get parsing info during refresh. "On-the-fly" syntax checking information may be incorrect. [E:\Digital_Logic\Labs\Lab3\ALU\ALU\ALU.srcs\sources_1\new\ALU_Top.sv:]
WARNING: [filemgmt 56-199] Attempt to get parsing info during refresh. "On-the-fly" syntax checking information may be incorrect. [E:\Digital_Logic\Labs\Lab2\x7seg\x7seg\x7seg.srcs\sources_1\new\x7seg.sv:]
WARNING: [filemgmt 56-199] Attempt to get parsing info during refresh. "On-the-fly" syntax checking information may be incorrect. [E:\Digital_Logic\Labs\Lab2\Hex7Seg\Hex7Seg\Hex7Seg.srcs\sources_1\new\Hex7Seg.sv:]
WARNING: [filemgmt 56-199] Attempt to get parsing info during refresh. "On-the-fly" syntax checking information may be incorrect. [E:\Digital_Logic\Labs\Lab3\ALU\ALU\ALU.srcs\sources_1\new\ALU_Top.sv:]
WARNING: [filemgmt 56-199] Attempt to get parsing info during refresh. "On-the-fly" syntax checking information may be incorrect. [E:\Digital_Logic\Labs\Lab3\ALU\ALU\ALU.srcs\sources_1\imports\new\ALU4.sv:]
WARNING: [filemgmt 56-199] Attempt to get parsing info during refresh. "On-the-fly" syntax checking information may be incorrect. [E:\Digital_Logic\Labs\Lab2\x7seg\x7seg\x7seg.srcs\sources_1\new\x7seg.sv:]
WARNING: [filemgmt 56-199] Attempt to get parsing info during refresh. "On-the-fly" syntax checking information may be incorrect. [E:\Digital_Logic\Labs\Lab2\x7seg\x7seg\x7seg.srcs\sources_1\new\x7seg.sv:]
ERROR: [Common 17-180] Spawn failed: No error
WARNING: [filemgmt 56-199] Attempt to get parsing info during refresh. "On-the-fly" syntax checking information may be incorrect. [E:\Digital_Logic\Labs\Lab2\x7seg\x7seg\x7seg.srcs\sources_1\new\x7seg.sv:]
WARNING: [filemgmt 56-199] Attempt to get parsing info during refresh. "On-the-fly" syntax checking information may be incorrect. [E:\Digital_Logic\Labs\Lab2\Hex7Seg\Hex7Seg\Hex7Seg.srcs\sources_1\new\Hex7Seg.sv:]
WARNING: [filemgmt 56-199] Attempt to get parsing info during refresh. "On-the-fly" syntax checking information may be incorrect. [E:\Digital_Logic\Labs\Lab3\ALU\ALU\ALU.srcs\sources_1\new\ALU_Top.sv:]
WARNING: [filemgmt 56-199] Attempt to get parsing info during refresh. "On-the-fly" syntax checking information may be incorrect. [E:\Digital_Logic\Labs\Lab3\ALU\ALU\ALU.srcs\sources_1\imports\new\ALU4.sv:]
WARNING: [filemgmt 56-199] Attempt to get parsing info during refresh. "On-the-fly" syntax checking information may be incorrect. [E:\Digital_Logic\Labs\Lab2\Hex7Seg\Hex7Seg\Hex7Seg.srcs\sources_1\new\Hex7Seg.sv:]
WARNING: [filemgmt 56-199] Attempt to get parsing info during refresh. "On-the-fly" syntax checking information may be incorrect. [E:\Digital_Logic\Labs\Lab2\Hex7Seg\Hex7Seg\Hex7Seg.srcs\sources_1\new\Hex7Seg.sv:]
ERROR: [Common 17-180] Spawn failed: No error
update_compile_order -fileset sources_1
WARNING: [filemgmt 56-199] Attempt to get parsing info during refresh. "On-the-fly" syntax checking information may be incorrect. [E:\Digital_Logic\Labs\Lab2\x7seg\x7seg\x7seg.srcs\sources_1\new\x7seg.sv:]
WARNING: [filemgmt 56-199] Attempt to get parsing info during refresh. "On-the-fly" syntax checking information may be incorrect. [E:\Digital_Logic\Labs\Lab2\Hex7Seg\Hex7Seg\Hex7Seg.srcs\sources_1\new\Hex7Seg.sv:]
WARNING: [filemgmt 56-199] Attempt to get parsing info during refresh. "On-the-fly" syntax checking information may be incorrect. [E:\Digital_Logic\Labs\Lab3\ALU\ALU\ALU.srcs\sources_1\new\ALU_Top.sv:]
WARNING: [filemgmt 56-199] Attempt to get parsing info during refresh. "On-the-fly" syntax checking information may be incorrect. [E:\Digital_Logic\Labs\Lab3\ALU\ALU\ALU.srcs\sources_1\imports\new\ALU4.sv:]
WARNING: [filemgmt 56-199] Attempt to get parsing info during refresh. "On-the-fly" syntax checking information may be incorrect. [E:\Digital_Logic\Labs\Lab2\Hex7Seg\Hex7Seg\Hex7Seg.srcs\sources_1\new\Hex7Seg.sv:]
WARNING: [filemgmt 56-199] Attempt to get parsing info during refresh. "On-the-fly" syntax checking information may be incorrect. [E:\Digital_Logic\Labs\Lab2\Hex7Seg\Hex7Seg\Hex7Seg.srcs\sources_1\new\Hex7Seg.sv:]
WARNING: [filemgmt 56-199] Attempt to get parsing info during refresh. "On-the-fly" syntax checking information may be incorrect. [E:\Digital_Logic\Labs\Lab2\x7seg\x7seg\x7seg.srcs\sources_1\new\x7seg.sv:]
WARNING: [filemgmt 56-199] Attempt to get parsing info during refresh. "On-the-fly" syntax checking information may be incorrect. [E:\Digital_Logic\Labs\Lab2\Hex7Seg\Hex7Seg\Hex7Seg.srcs\sources_1\new\Hex7Seg.sv:]
WARNING: [filemgmt 56-199] Attempt to get parsing info during refresh. "On-the-fly" syntax checking information may be incorrect. [E:\Digital_Logic\Labs\Lab3\ALU\ALU\ALU.srcs\sources_1\new\ALU_Top.sv:]
WARNING: [filemgmt 56-199] Attempt to get parsing info during refresh. "On-the-fly" syntax checking information may be incorrect. [E:\Digital_Logic\Labs\Lab3\ALU\ALU\ALU.srcs\sources_1\imports\new\ALU4.sv:]
WARNING: [filemgmt 56-199] Attempt to get parsing info during refresh. "On-the-fly" syntax checking information may be incorrect. [E:\Digital_Logic\Labs\Lab2\x7seg\x7seg\x7seg.srcs\sources_1\new\x7seg.sv:]
WARNING: [filemgmt 56-199] Attempt to get parsing info during refresh. "On-the-fly" syntax checking information may be incorrect. [E:\Digital_Logic\Labs\Lab2\x7seg\x7seg\x7seg.srcs\sources_1\new\x7seg.sv:]
ERROR: [Common 17-180] Spawn failed: No error
WARNING: [filemgmt 56-199] Attempt to get parsing info during refresh. "On-the-fly" syntax checking information may be incorrect. [E:\Digital_Logic\Labs\Lab2\x7seg\x7seg\x7seg.srcs\sources_1\new\x7seg.sv:]
WARNING: [filemgmt 56-199] Attempt to get parsing info during refresh. "On-the-fly" syntax checking information may be incorrect. [E:\Digital_Logic\Labs\Lab2\Hex7Seg\Hex7Seg\Hex7Seg.srcs\sources_1\new\Hex7Seg.sv:]
WARNING: [filemgmt 56-199] Attempt to get parsing info during refresh. "On-the-fly" syntax checking information may be incorrect. [E:\Digital_Logic\Labs\Lab3\ALU\ALU\ALU.srcs\sources_1\new\ALU_Top.sv:]
WARNING: [filemgmt 56-199] Attempt to get parsing info during refresh. "On-the-fly" syntax checking information may be incorrect. [E:\Digital_Logic\Labs\Lab3\ALU\ALU\ALU.srcs\sources_1\imports\new\ALU4.sv:]
WARNING: [filemgmt 56-199] Attempt to get parsing info during refresh. "On-the-fly" syntax checking information may be incorrect. [E:\Digital_Logic\Labs\Lab3\ALU\ALU\ALU.srcs\sources_1\new\ALU_Top.sv:]
WARNING: [filemgmt 56-199] Attempt to get parsing info during refresh. "On-the-fly" syntax checking information may be incorrect. [E:\Digital_Logic\Labs\Lab3\ALU\ALU\ALU.srcs\sources_1\new\ALU_Top.sv:]
ERROR: [Common 17-180] Spawn failed: No error
WARNING: [filemgmt 56-199] Attempt to get parsing info during refresh. "On-the-fly" syntax checking information may be incorrect. [E:\Digital_Logic\Labs\Lab2\x7seg\x7seg\x7seg.srcs\sources_1\new\x7seg.sv:]
WARNING: [filemgmt 56-199] Attempt to get parsing info during refresh. "On-the-fly" syntax checking information may be incorrect. [E:\Digital_Logic\Labs\Lab2\Hex7Seg\Hex7Seg\Hex7Seg.srcs\sources_1\new\Hex7Seg.sv:]
WARNING: [filemgmt 56-199] Attempt to get parsing info during refresh. "On-the-fly" syntax checking information may be incorrect. [E:\Digital_Logic\Labs\Lab3\ALU\ALU\ALU.srcs\sources_1\new\ALU_Top.sv:]
WARNING: [filemgmt 56-199] Attempt to get parsing info during refresh. "On-the-fly" syntax checking information may be incorrect. [E:\Digital_Logic\Labs\Lab3\ALU\ALU\ALU.srcs\sources_1\imports\new\ALU4.sv:]
WARNING: [filemgmt 56-199] Attempt to get parsing info during refresh. "On-the-fly" syntax checking information may be incorrect. [E:\Digital_Logic\Labs\Lab2\Hex7Seg\Hex7Seg\Hex7Seg.srcs\sources_1\new\Hex7Seg.sv:]
WARNING: [filemgmt 56-199] Attempt to get parsing info during refresh. "On-the-fly" syntax checking information may be incorrect. [E:\Digital_Logic\Labs\Lab2\Hex7Seg\Hex7Seg\Hex7Seg.srcs\sources_1\new\Hex7Seg.sv:]
ERROR: [Common 17-180] Spawn failed: No error
WARNING: [filemgmt 56-199] Attempt to get parsing info during refresh. "On-the-fly" syntax checking information may be incorrect. [E:\Digital_Logic\Labs\Lab2\x7seg\x7seg\x7seg.srcs\sources_1\new\x7seg.sv:]
WARNING: [filemgmt 56-199] Attempt to get parsing info during refresh. "On-the-fly" syntax checking information may be incorrect. [E:\Digital_Logic\Labs\Lab2\Hex7Seg\Hex7Seg\Hex7Seg.srcs\sources_1\new\Hex7Seg.sv:]
WARNING: [filemgmt 56-199] Attempt to get parsing info during refresh. "On-the-fly" syntax checking information may be incorrect. [E:\Digital_Logic\Labs\Lab3\ALU\ALU\ALU.srcs\sources_1\new\ALU_Top.sv:]
WARNING: [filemgmt 56-199] Attempt to get parsing info during refresh. "On-the-fly" syntax checking information may be incorrect. [E:\Digital_Logic\Labs\Lab3\ALU\ALU\ALU.srcs\sources_1\imports\new\ALU4.sv:]
WARNING: [filemgmt 56-199] Attempt to get parsing info during refresh. "On-the-fly" syntax checking information may be incorrect. [E:\Digital_Logic\Labs\Lab3\ALU\ALU\ALU.srcs\sources_1\new\ALU_Top.sv:]
WARNING: [filemgmt 56-199] Attempt to get parsing info during refresh. "On-the-fly" syntax checking information may be incorrect. [E:\Digital_Logic\Labs\Lab3\ALU\ALU\ALU.srcs\sources_1\new\ALU_Top.sv:]
ERROR: [Common 17-180] Spawn failed: No error
WARNING: [filemgmt 56-199] Attempt to get parsing info during refresh. "On-the-fly" syntax checking information may be incorrect. [E:\Digital_Logic\Labs\Lab2\x7seg\x7seg\x7seg.srcs\sources_1\new\x7seg.sv:]
WARNING: [filemgmt 56-199] Attempt to get parsing info during refresh. "On-the-fly" syntax checking information may be incorrect. [E:\Digital_Logic\Labs\Lab2\Hex7Seg\Hex7Seg\Hex7Seg.srcs\sources_1\new\Hex7Seg.sv:]
WARNING: [filemgmt 56-199] Attempt to get parsing info during refresh. "On-the-fly" syntax checking information may be incorrect. [E:\Digital_Logic\Labs\Lab3\ALU\ALU\ALU.srcs\sources_1\new\ALU_Top.sv:]
WARNING: [filemgmt 56-199] Attempt to get parsing info during refresh. "On-the-fly" syntax checking information may be incorrect. [E:\Digital_Logic\Labs\Lab3\ALU\ALU\ALU.srcs\sources_1\imports\new\ALU4.sv:]
WARNING: [filemgmt 56-199] Attempt to get parsing info during refresh. "On-the-fly" syntax checking information may be incorrect. [E:\Digital_Logic\Labs\Lab3\ALU\ALU\ALU.srcs\sources_1\imports\new\ALU4.sv:]
WARNING: [filemgmt 56-199] Attempt to get parsing info during refresh. "On-the-fly" syntax checking information may be incorrect. [E:\Digital_Logic\Labs\Lab3\ALU\ALU\ALU.srcs\sources_1\imports\new\ALU4.sv:]
ERROR: [Common 17-180] Spawn failed: No error
WARNING: [filemgmt 56-199] Attempt to get parsing info during refresh. "On-the-fly" syntax checking information may be incorrect. [E:\Digital_Logic\Labs\Lab2\x7seg\x7seg\x7seg.srcs\sources_1\new\x7seg.sv:]
WARNING: [filemgmt 56-199] Attempt to get parsing info during refresh. "On-the-fly" syntax checking information may be incorrect. [E:\Digital_Logic\Labs\Lab2\Hex7Seg\Hex7Seg\Hex7Seg.srcs\sources_1\new\Hex7Seg.sv:]
WARNING: [filemgmt 56-199] Attempt to get parsing info during refresh. "On-the-fly" syntax checking information may be incorrect. [E:\Digital_Logic\Labs\Lab3\ALU\ALU\ALU.srcs\sources_1\new\ALU_Top.sv:]
WARNING: [filemgmt 56-199] Attempt to get parsing info during refresh. "On-the-fly" syntax checking information may be incorrect. [E:\Digital_Logic\Labs\Lab3\ALU\ALU\ALU.srcs\sources_1\imports\new\ALU4.sv:]
WARNING: [filemgmt 56-199] Attempt to get parsing info during refresh. "On-the-fly" syntax checking information may be incorrect. [E:\Digital_Logic\Labs\Lab2\Hex7Seg\Hex7Seg\Hex7Seg.srcs\sources_1\new\Hex7Seg.sv:]
WARNING: [filemgmt 56-199] Attempt to get parsing info during refresh. "On-the-fly" syntax checking information may be incorrect. [E:\Digital_Logic\Labs\Lab2\Hex7Seg\Hex7Seg\Hex7Seg.srcs\sources_1\new\Hex7Seg.sv:]
WARNING: [filemgmt 56-199] Attempt to get parsing info during refresh. "On-the-fly" syntax checking information may be incorrect. [E:\Digital_Logic\Labs\Lab2\x7seg\x7seg\x7seg.srcs\sources_1\new\x7seg.sv:]
WARNING: [filemgmt 56-199] Attempt to get parsing info during refresh. "On-the-fly" syntax checking information may be incorrect. [E:\Digital_Logic\Labs\Lab2\Hex7Seg\Hex7Seg\Hex7Seg.srcs\sources_1\new\Hex7Seg.sv:]
WARNING: [filemgmt 56-199] Attempt to get parsing info during refresh. "On-the-fly" syntax checking information may be incorrect. [E:\Digital_Logic\Labs\Lab3\ALU\ALU\ALU.srcs\sources_1\new\ALU_Top.sv:]
WARNING: [filemgmt 56-199] Attempt to get parsing info during refresh. "On-the-fly" syntax checking information may be incorrect. [E:\Digital_Logic\Labs\Lab3\ALU\ALU\ALU.srcs\sources_1\imports\new\ALU4.sv:]
WARNING: [filemgmt 56-199] Attempt to get parsing info during refresh. "On-the-fly" syntax checking information may be incorrect. [E:\Digital_Logic\Labs\Lab2\x7seg\x7seg\x7seg.srcs\sources_1\new\x7seg.sv:]
WARNING: [filemgmt 56-199] Attempt to get parsing info during refresh. "On-the-fly" syntax checking information may be incorrect. [E:\Digital_Logic\Labs\Lab2\x7seg\x7seg\x7seg.srcs\sources_1\new\x7seg.sv:]
ERROR: [Common 17-180] Spawn failed: No error
WARNING: [filemgmt 56-199] Attempt to get parsing info during refresh. "On-the-fly" syntax checking information may be incorrect. [E:\Digital_Logic\Labs\Lab2\x7seg\x7seg\x7seg.srcs\sources_1\new\x7seg.sv:]
WARNING: [filemgmt 56-199] Attempt to get parsing info during refresh. "On-the-fly" syntax checking information may be incorrect. [E:\Digital_Logic\Labs\Lab2\Hex7Seg\Hex7Seg\Hex7Seg.srcs\sources_1\new\Hex7Seg.sv:]
WARNING: [filemgmt 56-199] Attempt to get parsing info during refresh. "On-the-fly" syntax checking information may be incorrect. [E:\Digital_Logic\Labs\Lab3\ALU\ALU\ALU.srcs\sources_1\new\ALU_Top.sv:]
WARNING: [filemgmt 56-199] Attempt to get parsing info during refresh. "On-the-fly" syntax checking information may be incorrect. [E:\Digital_Logic\Labs\Lab3\ALU\ALU\ALU.srcs\sources_1\imports\new\ALU4.sv:]
WARNING: [filemgmt 56-199] Attempt to get parsing info during refresh. "On-the-fly" syntax checking information may be incorrect. [E:\Digital_Logic\Labs\Lab3\ALU\ALU\ALU.srcs\sources_1\new\ALU_Top.sv:]
WARNING: [filemgmt 56-199] Attempt to get parsing info during refresh. "On-the-fly" syntax checking information may be incorrect. [E:\Digital_Logic\Labs\Lab3\ALU\ALU\ALU.srcs\sources_1\new\ALU_Top.sv:]
ERROR: [Common 17-180] Spawn failed: No error
WARNING: [filemgmt 56-199] Attempt to get parsing info during refresh. "On-the-fly" syntax checking information may be incorrect. [E:\Digital_Logic\Labs\Lab2\x7seg\x7seg\x7seg.srcs\sources_1\new\x7seg.sv:]
WARNING: [filemgmt 56-199] Attempt to get parsing info during refresh. "On-the-fly" syntax checking information may be incorrect. [E:\Digital_Logic\Labs\Lab2\Hex7Seg\Hex7Seg\Hex7Seg.srcs\sources_1\new\Hex7Seg.sv:]
WARNING: [filemgmt 56-199] Attempt to get parsing info during refresh. "On-the-fly" syntax checking information may be incorrect. [E:\Digital_Logic\Labs\Lab3\ALU\ALU\ALU.srcs\sources_1\new\ALU_Top.sv:]
WARNING: [filemgmt 56-199] Attempt to get parsing info during refresh. "On-the-fly" syntax checking information may be incorrect. [E:\Digital_Logic\Labs\Lab3\ALU\ALU\ALU.srcs\sources_1\imports\new\ALU4.sv:]
WARNING: [filemgmt 56-199] Attempt to get parsing info during refresh. "On-the-fly" syntax checking information may be incorrect. [E:\Digital_Logic\Labs\Lab3\ALU\ALU\ALU.srcs\sources_1\new\ALU_Top.sv:]
WARNING: [filemgmt 56-199] Attempt to get parsing info during refresh. "On-the-fly" syntax checking information may be incorrect. [E:\Digital_Logic\Labs\Lab3\ALU\ALU\ALU.srcs\sources_1\new\ALU_Top.sv:]
WARNING: [filemgmt 56-199] Attempt to get parsing info during refresh. "On-the-fly" syntax checking information may be incorrect. [E:\Digital_Logic\Labs\Lab2\x7seg\x7seg\x7seg.srcs\sources_1\new\x7seg.sv:]
WARNING: [filemgmt 56-199] Attempt to get parsing info during refresh. "On-the-fly" syntax checking information may be incorrect. [E:\Digital_Logic\Labs\Lab2\Hex7Seg\Hex7Seg\Hex7Seg.srcs\sources_1\new\Hex7Seg.sv:]
WARNING: [filemgmt 56-199] Attempt to get parsing info during refresh. "On-the-fly" syntax checking information may be incorrect. [E:\Digital_Logic\Labs\Lab3\ALU\ALU\ALU.srcs\sources_1\new\ALU_Top.sv:]
WARNING: [filemgmt 56-199] Attempt to get parsing info during refresh. "On-the-fly" syntax checking information may be incorrect. [E:\Digital_Logic\Labs\Lab3\ALU\ALU\ALU.srcs\sources_1\imports\new\ALU4.sv:]
WARNING: [filemgmt 56-199] Attempt to get parsing info during refresh. "On-the-fly" syntax checking information may be incorrect. [E:\Digital_Logic\Labs\Lab2\x7seg\x7seg\x7seg.srcs\sources_1\new\x7seg.sv:]
WARNING: [filemgmt 56-199] Attempt to get parsing info during refresh. "On-the-fly" syntax checking information may be incorrect. [E:\Digital_Logic\Labs\Lab2\x7seg\x7seg\x7seg.srcs\sources_1\new\x7seg.sv:]
WARNING: [filemgmt 56-199] Attempt to get parsing info during refresh. "On-the-fly" syntax checking information may be incorrect. [E:\Digital_Logic\Labs\Lab2\x7seg\x7seg\x7seg.srcs\sources_1\new\x7seg.sv:]
WARNING: [filemgmt 56-199] Attempt to get parsing info during refresh. "On-the-fly" syntax checking information may be incorrect. [E:\Digital_Logic\Labs\Lab2\Hex7Seg\Hex7Seg\Hex7Seg.srcs\sources_1\new\Hex7Seg.sv:]
WARNING: [filemgmt 56-199] Attempt to get parsing info during refresh. "On-the-fly" syntax checking information may be incorrect. [E:\Digital_Logic\Labs\Lab3\ALU\ALU\ALU.srcs\sources_1\new\ALU_Top.sv:]
WARNING: [filemgmt 56-199] Attempt to get parsing info during refresh. "On-the-fly" syntax checking information may be incorrect. [E:\Digital_Logic\Labs\Lab3\ALU\ALU\ALU.srcs\sources_1\imports\new\ALU4.sv:]
WARNING: [filemgmt 56-199] Attempt to get parsing info during refresh. "On-the-fly" syntax checking information may be incorrect. [E:\Digital_Logic\Labs\Lab2\Hex7Seg\Hex7Seg\Hex7Seg.srcs\sources_1\new\Hex7Seg.sv:]
WARNING: [filemgmt 56-199] Attempt to get parsing info during refresh. "On-the-fly" syntax checking information may be incorrect. [E:\Digital_Logic\Labs\Lab2\Hex7Seg\Hex7Seg\Hex7Seg.srcs\sources_1\new\Hex7Seg.sv:]
ERROR: [Common 17-180] Spawn failed: No error
export_ip_user_files -of_objects  [get_files E:/Digital_Logic/Labs/Lab3/ALU/ALU/ALU.srcs/sim_1/new/ALU4_Sim.sv] -no_script -reset -force -quiet
remove_files  -fileset sim_1 E:/Digital_Logic/Labs/Lab3/ALU/ALU/ALU.srcs/sim_1/new/ALU4_Sim.sv
WARNING: [filemgmt 56-199] Attempt to get parsing info during refresh. "On-the-fly" syntax checking information may be incorrect. [E:\Digital_Logic\Labs\Lab3\ALU\ALU\ALU.srcs\sim_1\new\ALU4_Sim.sv:]
WARNING: [filemgmt 56-199] Attempt to get parsing info during refresh. "On-the-fly" syntax checking information may be incorrect. [E:\Digital_Logic\Labs\Lab2\x7seg\x7seg\x7seg.srcs\sources_1\new\x7seg.sv:]
WARNING: [filemgmt 56-199] Attempt to get parsing info during refresh. "On-the-fly" syntax checking information may be incorrect. [E:\Digital_Logic\Labs\Lab2\Hex7Seg\Hex7Seg\Hex7Seg.srcs\sources_1\new\Hex7Seg.sv:]
WARNING: [filemgmt 56-199] Attempt to get parsing info during refresh. "On-the-fly" syntax checking information may be incorrect. [E:\Digital_Logic\Labs\Lab3\ALU\ALU\ALU.srcs\sources_1\new\ALU_Top.sv:]
WARNING: [filemgmt 56-199] Attempt to get parsing info during refresh. "On-the-fly" syntax checking information may be incorrect. [E:\Digital_Logic\Labs\Lab3\ALU\ALU\ALU.srcs\sources_1\imports\new\ALU4.sv:]
WARNING: [filemgmt 56-199] Attempt to get parsing info during refresh. "On-the-fly" syntax checking information may be incorrect. [E:\Digital_Logic\Labs\Lab2\Hex7Seg\Hex7Seg\Hex7Seg.srcs\sources_1\new\Hex7Seg.sv:]
WARNING: [filemgmt 56-199] Attempt to get parsing info during refresh. "On-the-fly" syntax checking information may be incorrect. [E:\Digital_Logic\Labs\Lab2\Hex7Seg\Hex7Seg\Hex7Seg.srcs\sources_1\new\Hex7Seg.sv:]
WARNING: [filemgmt 56-199] Attempt to get parsing info during refresh. "On-the-fly" syntax checking information may be incorrect. [E:\Digital_Logic\Labs\Lab3\ALU\ALU\ALU.srcs\sim_1\new\ALU4_Sim.sv:]
WARNING: [filemgmt 56-199] Attempt to get parsing info during refresh. "On-the-fly" syntax checking information may be incorrect. [E:\Digital_Logic\Labs\Lab2\x7seg\x7seg\x7seg.srcs\sources_1\new\x7seg.sv:]
WARNING: [filemgmt 56-199] Attempt to get parsing info during refresh. "On-the-fly" syntax checking information may be incorrect. [E:\Digital_Logic\Labs\Lab2\Hex7Seg\Hex7Seg\Hex7Seg.srcs\sources_1\new\Hex7Seg.sv:]
WARNING: [filemgmt 56-199] Attempt to get parsing info during refresh. "On-the-fly" syntax checking information may be incorrect. [E:\Digital_Logic\Labs\Lab3\ALU\ALU\ALU.srcs\sources_1\new\ALU_Top.sv:]
WARNING: [filemgmt 56-199] Attempt to get parsing info during refresh. "On-the-fly" syntax checking information may be incorrect. [E:\Digital_Logic\Labs\Lab3\ALU\ALU\ALU.srcs\sources_1\imports\new\ALU4.sv:]
WARNING: [filemgmt 56-199] Attempt to get parsing info during refresh. "On-the-fly" syntax checking information may be incorrect. [E:\Digital_Logic\Labs\Lab2\x7seg\x7seg\x7seg.srcs\sources_1\new\x7seg.sv:]
WARNING: [filemgmt 56-199] Attempt to get parsing info during refresh. "On-the-fly" syntax checking information may be incorrect. [E:\Digital_Logic\Labs\Lab2\x7seg\x7seg\x7seg.srcs\sources_1\new\x7seg.sv:]
ERROR: [Common 17-180] Spawn failed: No error
WARNING: [filemgmt 56-199] Attempt to get parsing info during refresh. "On-the-fly" syntax checking information may be incorrect. [E:\Digital_Logic\Labs\Lab3\ALU\ALU\ALU.srcs\sim_1\new\ALU4_Sim.sv:]
WARNING: [filemgmt 56-199] Attempt to get parsing info during refresh. "On-the-fly" syntax checking information may be incorrect. [E:\Digital_Logic\Labs\Lab2\x7seg\x7seg\x7seg.srcs\sources_1\new\x7seg.sv:]
WARNING: [filemgmt 56-199] Attempt to get parsing info during refresh. "On-the-fly" syntax checking information may be incorrect. [E:\Digital_Logic\Labs\Lab2\Hex7Seg\Hex7Seg\Hex7Seg.srcs\sources_1\new\Hex7Seg.sv:]
WARNING: [filemgmt 56-199] Attempt to get parsing info during refresh. "On-the-fly" syntax checking information may be incorrect. [E:\Digital_Logic\Labs\Lab3\ALU\ALU\ALU.srcs\sources_1\new\ALU_Top.sv:]
WARNING: [filemgmt 56-199] Attempt to get parsing info during refresh. "On-the-fly" syntax checking information may be incorrect. [E:\Digital_Logic\Labs\Lab3\ALU\ALU\ALU.srcs\sources_1\imports\new\ALU4.sv:]
WARNING: [filemgmt 56-199] Attempt to get parsing info during refresh. "On-the-fly" syntax checking information may be incorrect. [E:\Digital_Logic\Labs\Lab3\ALU\ALU\ALU.srcs\sources_1\new\ALU_Top.sv:]
WARNING: [filemgmt 56-199] Attempt to get parsing info during refresh. "On-the-fly" syntax checking information may be incorrect. [E:\Digital_Logic\Labs\Lab3\ALU\ALU\ALU.srcs\sources_1\new\ALU_Top.sv:]
ERROR: [Common 17-180] Spawn failed: No error
launch_simulation
Command: launch_simulation 
INFO: [Vivado 12-12493] Simulation top is 'ALU_Top'
WARNING: [Vivado 12-13340] Unable to auto find GCC executables from simulator install path! (path not set)
INFO: [Vivado 12-5682] Launching behavioral simulation in 'E:/Digital_Logic/Labs/Lab3/ALU/ALU/ALU.sim/sim_1/behav/xsim'
INFO: [SIM-utils-51] Simulation object is 'sim_1'
INFO: [SIM-utils-72] Using boost library from 'D:/Xilinx/Vivado/2024.1/tps/boost_1_72_0'
INFO: [SIM-utils-54] Inspecting design source files for 'ALU_Top' in fileset 'sim_1'...
INFO: [USF-XSim-97] Finding global include files...
INFO: [USF-XSim-98] Fetching design files from 'sim_1'...
INFO: [USF-XSim-2] XSim::Compile design
INFO: [USF-XSim-61] Executing 'COMPILE and ANALYZE' step in 'E:/Digital_Logic/Labs/Lab3/ALU/ALU/ALU.sim/sim_1/behav/xsim'
"xvlog --incr --relax -L uvm -prj ALU_Top_vlog.prj"
INFO: [VRFC 10-2263] Analyzing SystemVerilog file "E:/Digital_Logic/Labs/Lab3/ALU/ALU/ALU.srcs/sources_1/imports/new/ALU4.sv" into library xil_defaultlib
INFO: [VRFC 10-311] analyzing module ALU
INFO: [VRFC 10-2263] Analyzing SystemVerilog file "E:/Digital_Logic/Labs/Lab2/Hex7Seg/Hex7Seg/Hex7Seg.srcs/sources_1/new/Hex7Seg.sv" into library xil_defaultlib
INFO: [VRFC 10-311] analyzing module Hex7Seg
INFO: [VRFC 10-2263] Analyzing SystemVerilog file "E:/Digital_Logic/Labs/Lab2/x7seg/x7seg/x7seg.srcs/sources_1/new/x7seg.sv" into library xil_defaultlib
INFO: [VRFC 10-311] analyzing module X7Seg
INFO: [VRFC 10-2263] Analyzing SystemVerilog file "E:/Digital_Logic/Labs/Lab3/ALU/ALU/ALU.srcs/sources_1/new/ALU_Top.sv" into library xil_defaultlib
INFO: [VRFC 10-311] analyzing module ALU_Top
INFO: [VRFC 10-2263] Analyzing Verilog file "E:/Digital_Logic/Labs/Lab3/ALU/ALU/ALU.sim/sim_1/behav/xsim/glbl.v" into library xil_defaultlib
INFO: [VRFC 10-311] analyzing module glbl
INFO: [USF-XSim-69] 'compile' step finished in '2' seconds
INFO: [USF-XSim-3] XSim::Elaborate design
INFO: [USF-XSim-61] Executing 'ELABORATE' step in 'E:/Digital_Logic/Labs/Lab3/ALU/ALU/ALU.sim/sim_1/behav/xsim'
"xelab --incr --debug typical --relax --mt 2 -L xil_defaultlib -L uvm -L unisims_ver -L unimacro_ver -L secureip --snapshot ALU_Top_behav xil_defaultlib.ALU_Top xil_defaultlib.glbl -log elaborate.log"
Vivado Simulator v2024.1
Copyright 1986-2022 Xilinx, Inc. All Rights Reserved.
Copyright 2022-2024 Advanced Micro Devices, Inc. All Rights Reserved.
Running: D:/Xilinx/Vivado/2024.1/bin/unwrapped/win64.o/xelab.exe --incr --debug typical --relax --mt 2 -L xil_defaultlib -L uvm -L unisims_ver -L unimacro_ver -L secureip --snapshot ALU_Top_behav xil_defaultlib.ALU_Top xil_defaultlib.glbl -log elaborate.log 
Using 2 slave threads.
Starting static elaboration
Pass Through NonSizing Optimizer
ERROR: [VRFC 10-3180] cannot find port 'aluSel' on this module [E:/Digital_Logic/Labs/Lab3/ALU/ALU/ALU.srcs/sources_1/new/ALU_Top.sv:36]
ERROR: [VRFC 10-3180] cannot find port 'x' on this module [E:/Digital_Logic/Labs/Lab3/ALU/ALU/ALU.srcs/sources_1/new/ALU_Top.sv:47]
ERROR: [XSIM 43-3322] Static elaboration of top level Verilog design unit(s) in library work failed.
INFO: [USF-XSim-69] 'elaborate' step finished in '2' seconds
INFO: [USF-XSim-99] Step results log file:'E:/Digital_Logic/Labs/Lab3/ALU/ALU/ALU.sim/sim_1/behav/xsim/elaborate.log'
ERROR: [USF-XSim-62] 'elaborate' step failed with error(s). Please check the Tcl console output or 'E:/Digital_Logic/Labs/Lab3/ALU/ALU/ALU.sim/sim_1/behav/xsim/elaborate.log' file for more information.
ERROR: [Vivado 12-4473] Detected error while running simulation. Please correct the issue and retry this operation.
ERROR: [Common 17-39] 'launch_simulation' failed due to earlier errors.
add_files -fileset constrs_1 -norecurse {{E:/Digital_Logic/Labs/Lab2/x7seg/x7seg/x7seg.srcs/constrs_1/imports/01 XUP Nexys4 DDR Board/Nexys4DDR_Master.xdc}}
WARNING: [filemgmt 56-199] Attempt to get parsing info during refresh. "On-the-fly" syntax checking information may be incorrect. [E:\Digital_Logic\Labs\Lab3\ALU\ALU\ALU.srcs\sim_1\new\ALU4_Sim.sv:]
WARNING: [filemgmt 56-199] Attempt to get parsing info during refresh. "On-the-fly" syntax checking information may be incorrect. [E:\Digital_Logic\Labs\Lab2\x7seg\x7seg\x7seg.srcs\sources_1\new\x7seg.sv:]
WARNING: [filemgmt 56-199] Attempt to get parsing info during refresh. "On-the-fly" syntax checking information may be incorrect. [E:\Digital_Logic\Labs\Lab2\Hex7Seg\Hex7Seg\Hex7Seg.srcs\sources_1\new\Hex7Seg.sv:]
WARNING: [filemgmt 56-199] Attempt to get parsing info during refresh. "On-the-fly" syntax checking information may be incorrect. [E:\Digital_Logic\Labs\Lab3\ALU\ALU\ALU.srcs\sources_1\new\ALU_Top.sv:]
WARNING: [filemgmt 56-199] Attempt to get parsing info during refresh. "On-the-fly" syntax checking information may be incorrect. [E:\Digital_Logic\Labs\Lab3\ALU\ALU\ALU.srcs\sources_1\imports\new\ALU4.sv:]
WARNING: [filemgmt 56-199] Attempt to get parsing info during refresh. "On-the-fly" syntax checking information may be incorrect. [E:\Digital_Logic\Labs\Lab2\Hex7Seg\Hex7Seg\Hex7Seg.srcs\sources_1\new\Hex7Seg.sv:]
WARNING: [filemgmt 56-199] Attempt to get parsing info during refresh. "On-the-fly" syntax checking information may be incorrect. [E:\Digital_Logic\Labs\Lab2\Hex7Seg\Hex7Seg\Hex7Seg.srcs\sources_1\new\Hex7Seg.sv:]
WARNING: [filemgmt 56-199] Attempt to get parsing info during refresh. "On-the-fly" syntax checking information may be incorrect. [E:\Digital_Logic\Labs\Lab3\ALU\ALU\ALU.srcs\sim_1\new\ALU4_Sim.sv:]
WARNING: [filemgmt 56-199] Attempt to get parsing info during refresh. "On-the-fly" syntax checking information may be incorrect. [E:\Digital_Logic\Labs\Lab2\x7seg\x7seg\x7seg.srcs\sources_1\new\x7seg.sv:]
WARNING: [filemgmt 56-199] Attempt to get parsing info during refresh. "On-the-fly" syntax checking information may be incorrect. [E:\Digital_Logic\Labs\Lab2\Hex7Seg\Hex7Seg\Hex7Seg.srcs\sources_1\new\Hex7Seg.sv:]
WARNING: [filemgmt 56-199] Attempt to get parsing info during refresh. "On-the-fly" syntax checking information may be incorrect. [E:\Digital_Logic\Labs\Lab3\ALU\ALU\ALU.srcs\sources_1\new\ALU_Top.sv:]
WARNING: [filemgmt 56-199] Attempt to get parsing info during refresh. "On-the-fly" syntax checking information may be incorrect. [E:\Digital_Logic\Labs\Lab3\ALU\ALU\ALU.srcs\sources_1\imports\new\ALU4.sv:]
WARNING: [filemgmt 56-199] Attempt to get parsing info during refresh. "On-the-fly" syntax checking information may be incorrect. [E:\Digital_Logic\Labs\Lab2\x7seg\x7seg\x7seg.srcs\sources_1\new\x7seg.sv:]
WARNING: [filemgmt 56-199] Attempt to get parsing info during refresh. "On-the-fly" syntax checking information may be incorrect. [E:\Digital_Logic\Labs\Lab2\x7seg\x7seg\x7seg.srcs\sources_1\new\x7seg.sv:]
ERROR: [Common 17-180] Spawn failed: No error
WARNING: [filemgmt 56-199] Attempt to get parsing info during refresh. "On-the-fly" syntax checking information may be incorrect. [E:\Digital_Logic\Labs\Lab3\ALU\ALU\ALU.srcs\sim_1\new\ALU4_Sim.sv:]
WARNING: [filemgmt 56-199] Attempt to get parsing info during refresh. "On-the-fly" syntax checking information may be incorrect. [E:\Digital_Logic\Labs\Lab2\x7seg\x7seg\x7seg.srcs\sources_1\new\x7seg.sv:]
WARNING: [filemgmt 56-199] Attempt to get parsing info during refresh. "On-the-fly" syntax checking information may be incorrect. [E:\Digital_Logic\Labs\Lab2\Hex7Seg\Hex7Seg\Hex7Seg.srcs\sources_1\new\Hex7Seg.sv:]
WARNING: [filemgmt 56-199] Attempt to get parsing info during refresh. "On-the-fly" syntax checking information may be incorrect. [E:\Digital_Logic\Labs\Lab3\ALU\ALU\ALU.srcs\sources_1\new\ALU_Top.sv:]
WARNING: [filemgmt 56-199] Attempt to get parsing info during refresh. "On-the-fly" syntax checking information may be incorrect. [E:\Digital_Logic\Labs\Lab3\ALU\ALU\ALU.srcs\sources_1\imports\new\ALU4.sv:]
WARNING: [filemgmt 56-199] Attempt to get parsing info during refresh. "On-the-fly" syntax checking information may be incorrect. [E:\Digital_Logic\Labs\Lab3\ALU\ALU\ALU.srcs\sources_1\new\ALU_Top.sv:]
WARNING: [filemgmt 56-199] Attempt to get parsing info during refresh. "On-the-fly" syntax checking information may be incorrect. [E:\Digital_Logic\Labs\Lab3\ALU\ALU\ALU.srcs\sources_1\new\ALU_Top.sv:]
ERROR: [Common 17-180] Spawn failed: No error
launch_simulation
Command: launch_simulation 
INFO: [Vivado 12-12493] Simulation top is 'ALU_Top'
WARNING: [Vivado 12-13340] Unable to auto find GCC executables from simulator install path! (path not set)
INFO: [Vivado 12-5682] Launching behavioral simulation in 'E:/Digital_Logic/Labs/Lab3/ALU/ALU/ALU.sim/sim_1/behav/xsim'
INFO: [SIM-utils-51] Simulation object is 'sim_1'
INFO: [SIM-utils-72] Using boost library from 'D:/Xilinx/Vivado/2024.1/tps/boost_1_72_0'
INFO: [SIM-utils-54] Inspecting design source files for 'ALU_Top' in fileset 'sim_1'...
INFO: [USF-XSim-97] Finding global include files...
INFO: [USF-XSim-98] Fetching design files from 'sim_1'...
INFO: [USF-XSim-2] XSim::Compile design
INFO: [USF-XSim-61] Executing 'COMPILE and ANALYZE' step in 'E:/Digital_Logic/Labs/Lab3/ALU/ALU/ALU.sim/sim_1/behav/xsim'
"xvlog --incr --relax -L uvm -prj ALU_Top_vlog.prj"
INFO: [USF-XSim-69] 'compile' step finished in '1' seconds
INFO: [USF-XSim-3] XSim::Elaborate design
INFO: [USF-XSim-61] Executing 'ELABORATE' step in 'E:/Digital_Logic/Labs/Lab3/ALU/ALU/ALU.sim/sim_1/behav/xsim'
"xelab --incr --debug typical --relax --mt 2 -L xil_defaultlib -L uvm -L unisims_ver -L unimacro_ver -L secureip --snapshot ALU_Top_behav xil_defaultlib.ALU_Top xil_defaultlib.glbl -log elaborate.log"
Vivado Simulator v2024.1
Copyright 1986-2022 Xilinx, Inc. All Rights Reserved.
Copyright 2022-2024 Advanced Micro Devices, Inc. All Rights Reserved.
Running: D:/Xilinx/Vivado/2024.1/bin/unwrapped/win64.o/xelab.exe --incr --debug typical --relax --mt 2 -L xil_defaultlib -L uvm -L unisims_ver -L unimacro_ver -L secureip --snapshot ALU_Top_behav xil_defaultlib.ALU_Top xil_defaultlib.glbl -log elaborate.log 
Using 2 slave threads.
Starting static elaboration
Pass Through NonSizing Optimizer
ERROR: [VRFC 10-3180] cannot find port 'aluSel' on this module [E:/Digital_Logic/Labs/Lab3/ALU/ALU/ALU.srcs/sources_1/new/ALU_Top.sv:36]
ERROR: [VRFC 10-3180] cannot find port 'x' on this module [E:/Digital_Logic/Labs/Lab3/ALU/ALU/ALU.srcs/sources_1/new/ALU_Top.sv:47]
ERROR: [XSIM 43-3322] Static elaboration of top level Verilog design unit(s) in library work failed.
INFO: [USF-XSim-69] 'elaborate' step finished in '2' seconds
INFO: [USF-XSim-99] Step results log file:'E:/Digital_Logic/Labs/Lab3/ALU/ALU/ALU.sim/sim_1/behav/xsim/elaborate.log'
ERROR: [USF-XSim-62] 'elaborate' step failed with error(s). Please check the Tcl console output or 'E:/Digital_Logic/Labs/Lab3/ALU/ALU/ALU.sim/sim_1/behav/xsim/elaborate.log' file for more information.
ERROR: [Vivado 12-4473] Detected error while running simulation. Please correct the issue and retry this operation.
ERROR: [Common 17-39] 'launch_simulation' failed due to earlier errors.
launch_runs synth_1 -jobs 16
[Fri Sep 26 02:01:09 2025] Launched synth_1...
Run output will be captured here: E:/Digital_Logic/Labs/Lab3/ALU/ALU/ALU.runs/synth_1/runme.log
