#-----------------------------------------------------------
# Vivado v2019.2 (64-bit)
# SW Build 2708876 on Wed Nov  6 21:40:23 MST 2019
# IP Build 2700528 on Thu Nov  7 00:09:20 MST 2019
# Start of session at: Sat Sep 10 08:01:07 2022
# Process ID: 13620
# Current directory: C:/_SamData/Vivado2022/Codes/Hex7Seg
# Command line: vivado.exe -gui_launcher_event rodinguilauncherevent10048 C:\_SamData\Vivado2022\Codes\Hex7Seg\Hex7Seg.xpr
# Log file: C:/_SamData/Vivado2022/Codes/Hex7Seg/vivado.log
# Journal file: C:/_SamData/Vivado2022/Codes/Hex7Seg\vivado.jou
#-----------------------------------------------------------
start_gui
open_project C:/_SamData/Vivado2022/Codes/Hex7Seg/Hex7Seg.xpr
INFO: [Project 1-313] Project file moved from 'C:/Users/Administrator/Desktop/Hex7Seg' since last save.
Scanning sources...
Finished scanning sources
INFO: [IP_Flow 19-234] Refreshing IP repositories
INFO: [IP_Flow 19-1704] No user IP repositories specified
INFO: [IP_Flow 19-2313] Loaded Vivado IP repository 'C:/Xilinx/Vivado/2019.2/data/ip'.
open_project: Time (s): cpu = 00:00:15 ; elapsed = 00:00:06 . Memory (MB): peak = 895.039 ; gain = 222.461
update_compile_order -fileset sources_1
exit
INFO: [Common 17-206] Exiting Vivado at Sat Sep 10 08:18:46 2022...
