Vivado Simulator v2024.1
Copyright 1986-2022 Xilinx, Inc. All Rights Reserved.
Copyright 2022-2024 Advanced Micro Devices, Inc. All Rights Reserved.
Running: D:/Xilinx/Vivado/2024.1/bin/unwrapped/win64.o/xelab.exe --incr --debug typical --relax --mt 2 -L xil_defaultlib -L uvm -L unisims_ver -L unimacro_ver -L secureip --snapshot ALU_Top_behav xil_defaultlib.ALU_Top xil_defaultlib.glbl -log elaborate.log 
Using 2 slave threads.
Starting static elaboration
Pass Through NonSizing Optimizer
WARNING: [VRFC 10-3091] actual bit length 16 differs from formal bit length 8 for port 'an' [E:/Digital_Logic/Labs/Lab3/ALU/ALU/ALU.srcs/sources_1/new/ALU_Top.sv:44]
Completed static elaboration
Starting simulation data flow analysis
WARNING: [XSIM 43-4099] "E:/Digital_Logic/Labs/Lab3/ALU/ALU/ALU.srcs/sources_1/imports/new/ALU4.sv" Line 1. Module ALU doesn't have a timescale but at least one module in design has a timescale.
WARNING: [XSIM 43-4099] "E:/Digital_Logic/Labs/Lab2/x7seg/x7seg/x7seg.srcs/sources_1/new/x7seg.sv" Line 1. Module X7Seg doesn't have a timescale but at least one module in design has a timescale.
WARNING: [XSIM 43-4099] "E:/Digital_Logic/Labs/Lab2/Hex7Seg/Hex7Seg/Hex7Seg.srcs/sources_1/new/Hex7Seg.sv" Line 1. Module Hex7Seg doesn't have a timescale but at least one module in design has a timescale.
WARNING: [XSIM 43-4099] "E:/Digital_Logic/Labs/Lab3/ALU/ALU/ALU.srcs/sources_1/imports/new/ALU4.sv" Line 1. Module ALU doesn't have a timescale but at least one module in design has a timescale.
WARNING: [XSIM 43-4099] "E:/Digital_Logic/Labs/Lab2/x7seg/x7seg/x7seg.srcs/sources_1/new/x7seg.sv" Line 1. Module X7Seg doesn't have a timescale but at least one module in design has a timescale.
WARNING: [XSIM 43-4099] "E:/Digital_Logic/Labs/Lab2/Hex7Seg/Hex7Seg/Hex7Seg.srcs/sources_1/new/Hex7Seg.sv" Line 1. Module Hex7Seg doesn't have a timescale but at least one module in design has a timescale.
Completed simulation data flow analysis
Time Resolution for simulation is 1ps
Compiling module xil_defaultlib.ALU
Compiling module xil_defaultlib.X7Seg
Compiling module xil_defaultlib.Hex7Seg
Compiling module xil_defaultlib.ALU_Top
Compiling module xil_defaultlib.glbl
Built simulation snapshot ALU_Top_behav
