#-----------------------------------------------------------
# Vivado v2019.2 (64-bit)
# SW Build 2708876 on Wed Nov  6 21:40:23 MST 2019
# IP Build 2700528 on Thu Nov  7 00:09:20 MST 2019
# Start of session at: Thu Sep 14 16:15:12 2023
# Process ID: 13720
# Current directory: C:/2023Sam/Vivado2022/Codes/x7seg
# Command line: vivado.exe -gui_launcher_event rodinguilauncherevent13756 C:\2023Sam\Vivado2022\Codes\x7seg\x7seg.xpr
# Log file: C:/2023Sam/Vivado2022/Codes/x7seg/vivado.log
# Journal file: C:/2023Sam/Vivado2022/Codes/x7seg\vivado.jou
#-----------------------------------------------------------
start_gui
open_project C:/2023Sam/Vivado2022/Codes/x7seg/x7seg.xpr
INFO: [Project 1-313] Project file moved from 'C:/_SamData/Vivado2022/Codes/x7seg' since last save.
Scanning sources...
Finished scanning sources
INFO: [IP_Flow 19-234] Refreshing IP repositories
INFO: [IP_Flow 19-1704] No user IP repositories specified
INFO: [IP_Flow 19-2313] Loaded Vivado IP repository 'C:/Xilinx/Vivado/2019.2/data/ip'.
open_project: Time (s): cpu = 00:00:15 ; elapsed = 00:00:06 . Memory (MB): peak = 892.727 ; gain = 172.270
update_compile_order -fileset sources_1
reset_run synth_1
launch_runs impl_1 -to_step write_bitstream -jobs 8
[Thu Sep 14 16:26:01 2023] Launched synth_1...
Run output will be captured here: C:/2023Sam/Vivado2022/Codes/x7seg/x7seg.runs/synth_1/runme.log
[Thu Sep 14 16:26:01 2023] Launched impl_1...
Run output will be captured here: C:/2023Sam/Vivado2022/Codes/x7seg/x7seg.runs/impl_1/runme.log
