#-----------------------------------------------------------
# Vivado v2019.2 (64-bit)
# SW Build 2708876 on Wed Nov  6 21:40:23 MST 2019
# IP Build 2700528 on Thu Nov  7 00:09:20 MST 2019
# Start of session at: Sun Sep 25 07:25:02 2022
# Process ID: 16872
# Current directory: C:/_SamData/Vivado2022/Codes/x7seg
# Command line: vivado.exe -gui_launcher_event rodinguilauncherevent16516 C:\_SamData\Vivado2022\Codes\x7seg\x7seg.xpr
# Log file: C:/_SamData/Vivado2022/Codes/x7seg/vivado.log
# Journal file: C:/_SamData/Vivado2022/Codes/x7seg\vivado.jou
#-----------------------------------------------------------
start_gui
open_project C:/_SamData/Vivado2022/Codes/x7seg/x7seg.xpr
Scanning sources...
Finished scanning sources
INFO: [IP_Flow 19-234] Refreshing IP repositories
INFO: [IP_Flow 19-1704] No user IP repositories specified
INFO: [IP_Flow 19-2313] Loaded Vivado IP repository 'C:/Xilinx/Vivado/2019.2/data/ip'.
open_project: Time (s): cpu = 00:00:22 ; elapsed = 00:00:11 . Memory (MB): peak = 852.938 ; gain = 198.613
update_compile_order -fileset sources_1
exit
INFO: [Common 17-206] Exiting Vivado at Sun Sep 25 08:17:32 2022...
